<component name="libraryTable">
  <library name="junit libraries">
    <CLASSES>
      <root url="jar://$PROJECT_DIR$/junit libraries/junit-jupiter-api-5.7.0.jar!/" />
      <root url="jar://$PROJECT_DIR$/junit libraries/junit-jupiter-api-5.8.2-sources.jar!/" />
      <root url="jar://$PROJECT_DIR$/junit libraries/junit-jupiter-api-5.8.2.jar!/" />
      <root url="jar://$PROJECT_DIR$/junit libraries/junit-jupiter-api-5.7.1.jar!/" />
    </CLASSES>
    <JAVADOC />
    <SOURCES />
  </library>
</component>